<?xml version="1.0" encoding="UTF-8"?>
<!-- Generated by org.testng.reporters.JUnitReportReporter -->
<testsuite hostname="LAPTOP-2EFBE5KP" failures="0" tests="2" name="package1.Demo" time="5.871" errors="0" timestamp="2023-04-04T11:07:38 IST" skipped="0">
  <testcase classname="package1.Demo" name="initilize" time="3.941"/>
  <system-out/>
  <testcase classname="package1.Demo" name="Test1" time="1.930"/>
  <system-out/>
</testsuite> <!-- package1.Demo -->
