<?xml version="1.0" encoding="UTF-8"?>
<!-- Generated by org.testng.reporters.JUnitReportReporter -->
<testsuite hostname="LAPTOP-2EFBE5KP" failures="0" tests="3" name="package1.ValidateAmazonHomePage" time="11.545" errors="0" timestamp="2023-04-06T11:55:36 IST" skipped="0">
  <testcase classname="package1.ValidateAmazonHomePage" name="initilize" time="3.300"/>
  <system-out/>
  <testcase classname="package1.ValidateAmazonHomePage" name="validateTitle" time="1.641"/>
  <system-out/>
  <testcase classname="package1.ValidateAmazonHomePage" name="validateMobilesLink" time="6.604"/>
  <system-out/>
</testsuite> <!-- package1.ValidateAmazonHomePage -->
