<?xml version="1.0" encoding="UTF-8"?>
<!-- Generated by org.testng.reporters.JUnitReportReporter -->
<testsuite hostname="LAPTOP-2EFBE5KP" failures="0" tests="1" name="com.Amazon1Automation.QA.PageObjects.BestSellersPageObjects" time="1.789" errors="0" timestamp="2022-12-06T10:51:07 IST" skipped="0">
  <testcase classname="com.Amazon1Automation.QA.PageObjects.BestSellersPageObjects" name="initilize" time="1.789"/>
  <system-out/>
</testsuite> <!-- com.Amazon1Automation.QA.PageObjects.BestSellersPageObjects -->
