<?xml version="1.0" encoding="UTF-8"?>
<!-- Generated by org.testng.reporters.JUnitReportReporter -->
<testsuite hostname="LAPTOP-2EFBE5KP" failures="0" tests="2" name="com.Amazon1Automation.QA.TestCases.ValidateSearchThroughBestSelletsTC" time="7.448" errors="0" timestamp="2023-01-11T11:53:52 IST" skipped="0">
  <testcase classname="com.Amazon1Automation.QA.TestCases.ValidateSearchThroughBestSelletsTC" name="launchLogin" time="3.727"/>
  <system-out/>
  <testcase classname="com.Amazon1Automation.QA.TestCases.ValidateSearchThroughBestSelletsTC" name="performLogout" time="3.721"/>
  <system-out/>
</testsuite> <!-- com.Amazon1Automation.QA.TestCases.ValidateSearchThroughBestSelletsTC -->
