<?xml version="1.0" encoding="UTF-8"?>
<!-- Generated by org.testng.reporters.JUnitReportReporter -->
<testsuite hostname="LAPTOP-2EFBE5KP" failures="0" tests="5" name="com.Amazon1Automation.QA.TestCases.WebTablesTC" time="22.326" errors="0" timestamp="2022-12-09T12:09:49 IST" skipped="1">
  <testcase classname="com.Amazon1Automation.QA.TestCases.WebTablesTC" name="initilize" time="2.550"/>
  <system-out/>
  <testcase classname="com.Amazon1Automation.QA.TestCases.WebTablesTC" name="launchApp" time="1.744"/>
  <system-out/>
  <testcase classname="com.Amazon1Automation.QA.TestCases.WebTablesTC" name="CreateObjects" time="0.044"/>
  <system-out/>
  <testcase classname="com.Amazon1Automation.QA.TestCases.WebTablesTC" name="executeWebTablesColumns" time="17.988"/>
  <system-out/>
  <testcase classname="com.Amazon1Automation.QA.TestCases.WebTablesTC" name="executeWebTables">
    <skipped/>
  </testcase> <!-- executeWebTables -->
  <system-out/>
</testsuite> <!-- com.Amazon1Automation.QA.TestCases.WebTablesTC -->
