<?xml version="1.0" encoding="UTF-8"?>
<!-- Generated by org.testng.reporters.JUnitReportReporter -->
<testsuite hostname="LAPTOP-2EFBE5KP" failures="0" tests="3" name="com.Amazon1Automation.QA.TestCases.ValidateSearchDropdownTC" time="7.321" errors="0" timestamp="2023-01-11T11:53:52 IST" skipped="0">
  <testcase classname="com.Amazon1Automation.QA.TestCases.ValidateSearchDropdownTC" name="executeSearchDropdown" time="2.658"/>
  <system-out/>
  <testcase classname="com.Amazon1Automation.QA.TestCases.ValidateSearchDropdownTC" name="performLogout" time="1.593"/>
  <system-out/>
  <testcase classname="com.Amazon1Automation.QA.TestCases.ValidateSearchDropdownTC" name="launchLogin" time="3.070"/>
  <system-out/>
</testsuite> <!-- com.Amazon1Automation.QA.TestCases.ValidateSearchDropdownTC -->
