<?xml version="1.0" encoding="UTF-8"?>
<!-- Generated by org.testng.reporters.JUnitReportReporter -->
<testsuite hostname="LAPTOP-2EFBE5KP" failures="0" tests="6" name="com.Amazon1Automation.QA.TestData.WorkingWithDataProviderExample1" time="0.011" errors="0" timestamp="2022-12-24T11:26:14 IST" skipped="0">
  <testcase classname="com.Amazon1Automation.QA.TestData.WorkingWithDataProviderExample1" name="takeData" time="0.001"/>
  <system-out/>
  <testcase classname="com.Amazon1Automation.QA.TestData.WorkingWithDataProviderExample1" name="takeData" time="0.001"/>
  <system-out/>
  <testcase classname="com.Amazon1Automation.QA.TestData.WorkingWithDataProviderExample1" name="takeData" time="0.001"/>
  <system-out/>
  <testcase classname="com.Amazon1Automation.QA.TestData.WorkingWithDataProviderExample1" name="takeData" time="0.006"/>
  <system-out/>
  <testcase classname="com.Amazon1Automation.QA.TestData.WorkingWithDataProviderExample1" name="takeData" time="0.001"/>
  <system-out/>
  <testcase classname="com.Amazon1Automation.QA.TestData.WorkingWithDataProviderExample1" name="takeData" time="0.001"/>
  <system-out/>
</testsuite> <!-- com.Amazon1Automation.QA.TestData.WorkingWithDataProviderExample1 -->
