<?xml version="1.0" encoding="UTF-8"?>
<!-- Generated by org.testng.reporters.JUnitReportReporter -->
<testsuite hostname="LAPTOP-2EFBE5KP" failures="0" tests="6" name="com.Amazon1Automation.QA.TestCases.useTestData" time="0.007" errors="0" timestamp="2022-12-24T11:33:56 IST" skipped="0">
  <testcase classname="com.Amazon1Automation.QA.TestCases.useTestData" name="takeData" time="0.001"/>
  <system-out/>
  <testcase classname="com.Amazon1Automation.QA.TestCases.useTestData" name="takeData" time="0.004"/>
  <system-out/>
  <testcase classname="com.Amazon1Automation.QA.TestCases.useTestData" name="takeData" time="0.000"/>
  <system-out/>
  <testcase classname="com.Amazon1Automation.QA.TestCases.useTestData" name="takeData" time="0.000"/>
  <system-out/>
  <testcase classname="com.Amazon1Automation.QA.TestCases.useTestData" name="takeData" time="0.001"/>
  <system-out/>
  <testcase classname="com.Amazon1Automation.QA.TestCases.useTestData" name="takeData" time="0.001"/>
  <system-out/>
</testsuite> <!-- com.Amazon1Automation.QA.TestCases.useTestData -->
