<?xml version="1.0" encoding="UTF-8"?>
<!-- Generated by org.testng.reporters.JUnitReportReporter -->
<testsuite hostname="LAPTOP-2EFBE5KP" failures="0" tests="1" name="com.Amazon1Automation.QA.TestData.WriteDataIntoExcelExample1" time="0.737" errors="0" timestamp="2022-12-24T16:45:53 IST" skipped="0">
  <testcase classname="com.Amazon1Automation.QA.TestData.WriteDataIntoExcelExample1" name="writeDataIntoexcel" time="0.737"/>
  <system-out/>
</testsuite> <!-- com.Amazon1Automation.QA.TestData.WriteDataIntoExcelExample1 -->
