<?xml version="1.0" encoding="UTF-8"?>
<!-- Generated by org.testng.reporters.JUnitReportReporter -->
<testsuite hostname="LAPTOP-2EFBE5KP" failures="0" tests="1" name="com.Amazon1Automation.QA.TestCases.LocatorsExample" time="0.005" errors="0" timestamp="2023-03-27T11:54:38 IST" skipped="0">
  <testcase classname="com.Amazon1Automation.QA.TestCases.LocatorsExample" name="loginIntoOrangeHRM" time="0.005"/>
  <system-out/>
</testsuite> <!-- com.Amazon1Automation.QA.TestCases.LocatorsExample -->
