<?xml version="1.0" encoding="UTF-8"?>
<!-- Generated by org.testng.reporters.JUnitReportReporter -->
<testsuite hostname="LAPTOP-2EFBE5KP" failures="0" tests="6" name="package1.Package1Class1" time="0.010" errors="0" timestamp="2023-04-01T11:29:14 IST" skipped="0">
  <testcase classname="package1.Package1Class1" name="Method3Package1Class1" time="0.001"/>
  <system-out/>
  <testcase classname="package1.Package1Class1" name="Method2Package1Class1" time="0.000"/>
  <system-out/>
  <testcase classname="package1.Package1Class1" name="Method1Package1Class1" time="0.000"/>
  <system-out/>
  <testcase classname="package1.Package1Class1" name="Method3Package1Class1" time="0.003"/>
  <system-out/>
  <testcase classname="package1.Package1Class1" name="Method2Package1Class1" time="0.003"/>
  <system-out/>
  <testcase classname="package1.Package1Class1" name="Method1Package1Class1" time="0.003"/>
  <system-out/>
</testsuite> <!-- package1.Package1Class1 -->
