<?xml version="1.0" encoding="UTF-8"?>
<!-- Generated by org.testng.reporters.JUnitReportReporter -->
<testsuite hostname="LAPTOP-2EFBE5KP" failures="0" tests="4" name="com.Amazon1Automation.QA.TestCases.WorkingWithAlertsTC" time="7.878" errors="0" timestamp="2022-12-09T18:30:52 IST" skipped="0">
  <testcase classname="com.Amazon1Automation.QA.TestCases.WorkingWithAlertsTC" name="CreateObject" time="0.007"/>
  <system-out/>
  <testcase classname="com.Amazon1Automation.QA.TestCases.WorkingWithAlertsTC" name="launchApplication" time="5.917"/>
  <system-out/>
  <testcase classname="com.Amazon1Automation.QA.TestCases.WorkingWithAlertsTC" name="initilize" time="1.877"/>
  <system-out/>
  <testcase classname="com.Amazon1Automation.QA.TestCases.WorkingWithAlertsTC" name="validateAlerts" time="0.077"/>
  <system-out/>
</testsuite> <!-- com.Amazon1Automation.QA.TestCases.WorkingWithAlertsTC -->
