<?xml version="1.0" encoding="UTF-8"?>
<!-- Generated by org.testng.reporters.JUnitReportReporter -->
<testsuite hostname="LAPTOP-2EFBE5KP" failures="0" tests="2" name="com.Amazon1Automation.QA.TestCases.Interview" time="8.736" errors="0" timestamp="2023-02-08T08:06:15 IST" skipped="1">
  <testcase classname="com.Amazon1Automation.QA.TestCases.Interview" name="emiCalBarChartsGraph" time="8.736"/>
  <system-out/>
  <testcase classname="com.Amazon1Automation.QA.TestCases.Interview" name="covidCasesGraph">
    <skipped/>
  </testcase> <!-- covidCasesGraph -->
  <system-out/>
</testsuite> <!-- com.Amazon1Automation.QA.TestCases.Interview -->
