<?xml version="1.0" encoding="UTF-8"?>
<!-- Generated by org.testng.reporters.JUnitReportReporter -->
<testsuite hostname="LAPTOP-2EFBE5KP" failures="0" tests="1" name="com.Amazon1Automation.QA.TestCases.testNGInterviewClass" time="14.682" errors="0" timestamp="2023-01-11T16:20:14 IST" skipped="0">
  <testcase classname="com.Amazon1Automation.QA.TestCases.testNGInterviewClass" name="amazonSerchClick" time="14.682"/>
  <system-out/>
</testsuite> <!-- com.Amazon1Automation.QA.TestCases.testNGInterviewClass -->
