<?xml version="1.0" encoding="UTF-8"?>
<!-- Generated by org.testng.reporters.JUnitReportReporter -->
<testsuite hostname="LAPTOP-2EFBE5KP" failures="0" tests="4" name="com.Amazon1Automation.QA.TestCases.WorkingWithFramesTC" time="3.475" errors="0" timestamp="2022-12-10T12:11:10 IST" skipped="0">
  <testcase classname="com.Amazon1Automation.QA.TestCases.WorkingWithFramesTC" name="CreateObjects" time="0.010"/>
  <system-out/>
  <testcase classname="com.Amazon1Automation.QA.TestCases.WorkingWithFramesTC" name="launchApp" time="0.508"/>
  <system-out/>
  <testcase classname="com.Amazon1Automation.QA.TestCases.WorkingWithFramesTC" name="initilize" time="2.406"/>
  <system-out/>
  <testcase classname="com.Amazon1Automation.QA.TestCases.WorkingWithFramesTC" name="workingWithFrames" time="0.551"/>
  <system-out/>
</testsuite> <!-- com.Amazon1Automation.QA.TestCases.WorkingWithFramesTC -->
