<?xml version="1.0" encoding="UTF-8"?>
<!-- Generated by org.testng.reporters.JUnitReportReporter -->
<testsuite hostname="LAPTOP-2EFBE5KP" failures="0" tests="1" name="com.Amazon1Automation.QA.TestData.WorkingWithExcelExample2" time="0.571" errors="0" timestamp="2022-12-27T12:10:23 IST" skipped="0">
  <testcase classname="com.Amazon1Automation.QA.TestData.WorkingWithExcelExample2" name="readDataFromExcel" time="0.571"/>
  <system-out/>
</testsuite> <!-- com.Amazon1Automation.QA.TestData.WorkingWithExcelExample2 -->
