<?xml version="1.0" encoding="UTF-8"?>
<!-- Generated by org.testng.reporters.JUnitReportReporter -->
<testsuite hostname="LAPTOP-2EFBE5KP" failures="0" tests="2" name="com.Amazon1Automation.QA.PageObjects.WorkingWithFramesPageObjects" time="8.019" errors="0" timestamp="2022-12-09T23:41:24 IST" skipped="0">
  <testcase classname="com.Amazon1Automation.QA.PageObjects.WorkingWithFramesPageObjects" name="initilize" time="1.675"/>
  <system-out/>
  <testcase classname="com.Amazon1Automation.QA.PageObjects.WorkingWithFramesPageObjects" name="highLighNumberOfFrames" time="6.344"/>
  <system-out/>
</testsuite> <!-- com.Amazon1Automation.QA.PageObjects.WorkingWithFramesPageObjects -->
