<?xml version="1.0" encoding="UTF-8"?>
<!-- Generated by org.testng.reporters.JUnitReportReporter -->
<testsuite hostname="LAPTOP-2EFBE5KP" failures="0" tests="4" name="com.Amazon1Automation.QA.TestCases.DataProviderExample1" time="0.008" errors="0" timestamp="2022-12-23T11:31:53 IST" skipped="0">
  <testcase classname="com.Amazon1Automation.QA.TestCases.DataProviderExample1" name="takeData" time="0.001"/>
  <system-out/>
  <testcase classname="com.Amazon1Automation.QA.TestCases.DataProviderExample1" name="takeData" time="0.006"/>
  <system-out/>
  <testcase classname="com.Amazon1Automation.QA.TestCases.DataProviderExample1" name="takeData" time="0.001"/>
  <system-out/>
  <testcase classname="com.Amazon1Automation.QA.TestCases.DataProviderExample1" name="takeData" time="0.000"/>
  <system-out/>
</testsuite> <!-- com.Amazon1Automation.QA.TestCases.DataProviderExample1 -->
