<?xml version="1.0" encoding="UTF-8"?>
<!-- Generated by org.testng.reporters.JUnitReportReporter -->
<testsuite hostname="LAPTOP-2EFBE5KP" failures="0" tests="2" name="com.Amazon1Automation.QA.TestCases.GraphsPOC" time="146.051" errors="0" timestamp="2023-02-09T15:15:08 IST" skipped="1">
  <testcase classname="com.Amazon1Automation.QA.TestCases.GraphsPOC" name="emiCalBarChartsGraph" time="146.051"/>
  <system-out/>
  <testcase classname="com.Amazon1Automation.QA.TestCases.GraphsPOC" name="covidCasesGraph">
    <skipped/>
  </testcase> <!-- covidCasesGraph -->
  <system-out/>
</testsuite> <!-- com.Amazon1Automation.QA.TestCases.GraphsPOC -->
