<?xml version="1.0" encoding="UTF-8"?>
<!-- Generated by org.testng.reporters.JUnitReportReporter -->
<testsuite hostname="LAPTOP-2EFBE5KP" failures="0" tests="2" name="package2.Package2Class1" time="41.244" errors="0" timestamp="2023-04-01T12:15:20 IST" skipped="0">
  <testcase classname="package2.Package2Class1" name="workingWithKeyboard" time="38.012"/>
  <system-out/>
  <testcase classname="package2.Package2Class1" name="initilize" time="3.232"/>
  <system-out/>
</testsuite> <!-- package2.Package2Class1 -->
