<?xml version="1.0" encoding="UTF-8"?>
<!-- Generated by org.testng.reporters.JUnitReportReporter -->
<testsuite hostname="LAPTOP-2EFBE5KP" failures="0" tests="2" name="com.Amazon1Automation.QA.BaseClass.BaseClass" time="7.779" errors="0" timestamp="2023-03-24T11:57:33 IST" skipped="0">
  <testcase classname="com.Amazon1Automation.QA.BaseClass.BaseClass" name="initilize" time="2.922"/>
  <system-out/>
  <testcase classname="com.Amazon1Automation.QA.BaseClass.BaseClass" name="initilize" time="4.857"/>
  <system-out/>
</testsuite> <!-- com.Amazon1Automation.QA.BaseClass.BaseClass -->
